c:\program files\netsim pro\src\simulation\zigbee\x64\debug\vc140.pdb
c:\program files\netsim pro\src\simulation\zigbee\x64\debug\vc140.idb
c:\program files\netsim pro\src\simulation\zigbee\x64\debug\802_15_4.obj
c:\program files\netsim pro\src\simulation\zigbee\x64\debug\agentmodel.obj
c:\program files\netsim pro\src\simulation\zigbee\x64\debug\backoffcalculation.obj
c:\program files\netsim pro\src\simulation\zigbee\x64\debug\bercalculation.obj
c:\program files\netsim pro\src\simulation\zigbee\x64\debug\cca.obj
c:\program files\netsim pro\src\simulation\zigbee\x64\debug\changeradiostate.obj
c:\program files\netsim pro\src\simulation\zigbee\x64\debug\locatebackoffboundary.obj
c:\program files\netsim pro\src\simulation\zigbee\x64\debug\sensor.obj
c:\program files\netsim pro\src\simulation\zigbee\x64\debug\sinrcalculation.obj
c:\program files\netsim pro\src\simulation\zigbee\x64\debug\slottedcsmaca.obj
c:\program files\netsim pro\src\simulation\zigbee\x64\debug\superframe.obj
c:\program files\netsim pro\src\simulation\zigbee\x64\debug\unslottedcsmaca.obj
c:\program files\netsim pro\src\simulation\dll\libzigbee.dll
c:\program files\netsim pro\src\simulation\dll\zigbee.pdb
c:\program files\netsim pro\src\simulation\dll\zigbee.lib
c:\program files\netsim pro\src\simulation\dll\zigbee.exp
d:\final_projects_v10.2\energy harvesting\64bit\code\zigbee\x64\debug\802_15_4.obj
d:\final_projects_v10.2\energy harvesting\64bit\code\zigbee\x64\debug\agentmodel.obj
d:\final_projects_v10.2\energy harvesting\64bit\code\zigbee\x64\debug\backoffcalculation.obj
d:\final_projects_v10.2\energy harvesting\64bit\code\zigbee\x64\debug\bercalculation.obj
d:\final_projects_v10.2\energy harvesting\64bit\code\zigbee\x64\debug\cca.obj
d:\final_projects_v10.2\energy harvesting\64bit\code\zigbee\x64\debug\changeradiostate.obj
d:\final_projects_v10.2\energy harvesting\64bit\code\zigbee\x64\debug\locatebackoffboundary.obj
d:\final_projects_v10.2\energy harvesting\64bit\code\zigbee\x64\debug\sensor.obj
d:\final_projects_v10.2\energy harvesting\64bit\code\zigbee\x64\debug\sinrcalculation.obj
d:\final_projects_v10.2\energy harvesting\64bit\code\zigbee\x64\debug\slottedcsmaca.obj
d:\final_projects_v10.2\energy harvesting\64bit\code\zigbee\x64\debug\superframe.obj
d:\final_projects_v10.2\energy harvesting\64bit\code\zigbee\x64\debug\unslottedcsmaca.obj
d:\final_projects_v10.2\energy harvesting\64bit\code\zigbee\x64\debug\vc140.idb
d:\final_projects_v10.2\energy harvesting\64bit\code\zigbee\x64\debug\vc140.pdb
d:\final_projects_v10.2\energy harvesting\64bit\code\zigbee\x64\debug\zigbee.tlog\cl.command.1.tlog
d:\final_projects_v10.2\energy harvesting\64bit\code\zigbee\x64\debug\zigbee.tlog\cl.read.1.tlog
d:\final_projects_v10.2\energy harvesting\64bit\code\zigbee\x64\debug\zigbee.tlog\cl.write.1.tlog
d:\final_projects_v10.2\energy harvesting\64bit\code\zigbee\x64\debug\zigbee.tlog\link.command.1.tlog
d:\final_projects_v10.2\energy harvesting\64bit\code\zigbee\x64\debug\zigbee.tlog\link.read.1.tlog
d:\final_projects_v10.2\energy harvesting\64bit\code\zigbee\x64\debug\zigbee.tlog\link.write.1.tlog
d:\final_projects_v10.2\energy harvesting\64bit\code\zigbee\x64\debug\zigbee.tlog\zigbee.write.1u.tlog
